{"uid":"4b4757e66a1912dae1a509f688f20b0f","children":[{"name":"Product defects","children":[{"name":"AssertionError: FAILURE: check 3 == None\ntests/test_user.py:17 in test_create_user() -> cf.equal(valid_user.user_id, parsed_created_user_response.get(\"id\"))\n\nFAILURE: check aaronsanchez == None\nFAILURE: check James == None\nFAILURE: check Duran == None\nFAILURE: check jessica87@example.org == None\nFAILURE: check )T_7HfZl5m == None\nFAILURE: check 930.211.4069x452 == None\nFAILURE: check 1 == None\n------------------------------------------------------------\nFailed Checks: 8","children":[{"name":"Creating random user","uid":"f24479a265931db9","parentUid":"2c7f5f72ca3c1cb86f97920343adf8e7","status":"failed","time":{"start":1748008403652,"stop":1748008403852,"duration":200},"flaky":false,"newFailed":false,"newPassed":false,"newBroken":false,"retriesCount":0,"retriesStatusChange":false,"parameters":[],"tags":[]}],"uid":"2c7f5f72ca3c1cb86f97920343adf8e7"}],"uid":"8fb3a91ba5aaf9de24cc8a92edc82b5d"}],"name":"categories"}